Determining if the pthread_create exist failed with the following output:
Change Dir: /home/jess/Documents/challenge_ws/build/CMakeFiles/CMakeTmp

Run Build Command:"/usr/bin/make" "cmTC_b18ef/fast"
/usr/bin/make -f CMakeFiles/cmTC_b18ef.dir/build.make CMakeFiles/cmTC_b18ef.dir/build
make[1]: Entering directory '/home/jess/Documents/challenge_ws/build/CMakeFiles/CMakeTmp'
Building C object CMakeFiles/cmTC_b18ef.dir/CheckSymbolExists.c.o
/usr/bin/cc    -o CMakeFiles/cmTC_b18ef.dir/CheckSymbolExists.c.o   -c /home/jess/Documents/challenge_ws/build/CMakeFiles/CMakeTmp/CheckSymbolExists.c
Linking C executable cmTC_b18ef
/usr/bin/cmake -E cmake_link_script CMakeFiles/cmTC_b18ef.dir/link.txt --verbose=1
/usr/bin/cc      -rdynamic CMakeFiles/cmTC_b18ef.dir/CheckSymbolExists.c.o  -o cmTC_b18ef 
CMakeFiles/cmTC_b18ef.dir/CheckSymbolExists.c.o: In function `main':
CheckSymbolExists.c:(.text+0x1b): undefined reference to `pthread_create'
collect2: error: ld returned 1 exit status
CMakeFiles/cmTC_b18ef.dir/build.make:97: recipe for target 'cmTC_b18ef' failed
make[1]: *** [cmTC_b18ef] Error 1
make[1]: Leaving directory '/home/jess/Documents/challenge_ws/build/CMakeFiles/CMakeTmp'
Makefile:126: recipe for target 'cmTC_b18ef/fast' failed
make: *** [cmTC_b18ef/fast] Error 2

File /home/jess/Documents/challenge_ws/build/CMakeFiles/CMakeTmp/CheckSymbolExists.c:
/* */
#include <pthread.h>

int main(int argc, char** argv)
{
  (void)argv;
#ifndef pthread_create
  return ((int*)(&pthread_create))[argc];
#else
  (void)argc;
  return 0;
#endif
}

Determining if the function pthread_create exists in the pthreads failed with the following output:
Change Dir: /home/jess/Documents/challenge_ws/build/CMakeFiles/CMakeTmp

Run Build Command:"/usr/bin/make" "cmTC_31377/fast"
/usr/bin/make -f CMakeFiles/cmTC_31377.dir/build.make CMakeFiles/cmTC_31377.dir/build
make[1]: Entering directory '/home/jess/Documents/challenge_ws/build/CMakeFiles/CMakeTmp'
Building C object CMakeFiles/cmTC_31377.dir/CheckFunctionExists.c.o
/usr/bin/cc   -DCHECK_FUNCTION_EXISTS=pthread_create   -o CMakeFiles/cmTC_31377.dir/CheckFunctionExists.c.o   -c /usr/share/cmake-3.10/Modules/CheckFunctionExists.c
Linking C executable cmTC_31377
/usr/bin/cmake -E cmake_link_script CMakeFiles/cmTC_31377.dir/link.txt --verbose=1
/usr/bin/cc  -DCHECK_FUNCTION_EXISTS=pthread_create    -rdynamic CMakeFiles/cmTC_31377.dir/CheckFunctionExists.c.o  -o cmTC_31377 -lpthreads 
/usr/bin/ld: cannot find -lpthreads
collect2: error: ld returned 1 exit status
CMakeFiles/cmTC_31377.dir/build.make:97: recipe for target 'cmTC_31377' failed
make[1]: *** [cmTC_31377] Error 1
make[1]: Leaving directory '/home/jess/Documents/challenge_ws/build/CMakeFiles/CMakeTmp'
Makefile:126: recipe for target 'cmTC_31377/fast' failed
make: *** [cmTC_31377/fast] Error 2


